<?xml version="1.0" encoding="UTF-8"?>
<!-- Generated by org.testng.reporters.JUnitReportReporter -->
<testsuite hostname="Rohit" failures="0" tests="1" name="practice.extentreports.SampleReportTest" time="0.050" errors="0" timestamp="2024-10-29T12:16:32 IST" skipped="0">
  <testcase classname="practice.extentreports.SampleReportTest" name="createContactWithOrgTest" time="0.050"/>
  <system-out/>
</testsuite> <!-- practice.extentreports.SampleReportTest -->
