<?xml version="1.0" encoding="UTF-8"?>
<!-- Generated by org.testng.reporters.JUnitReportReporter -->
<testsuite hostname="Rohit" failures="0" tests="3" name="practice.testng.OrgTest" time="0.018" errors="0" timestamp="2024-08-03T12:54:25 IST" skipped="0">
  <testcase classname="practice.testng.OrgTest" name="createOrgWithIndustryTest" time="0.006"/>
  <system-out/>
  <testcase classname="practice.testng.OrgTest" name="createOrgWithPhoneNoTest" time="0.009"/>
  <system-out/>
  <testcase classname="practice.testng.OrgTest" name="createOrgTest" time="0.003"/>
  <system-out/>
</testsuite> <!-- practice.testng.OrgTest -->
