<?xml version="1.0" encoding="UTF-8"?>
<!-- Generated by org.testng.reporters.JUnitReportReporter -->
<testsuite hostname="Rohit" failures="0" tests="1" name="practice.datadriventesting.ReadDataFromTestNGXmlTest" time="0.024" errors="0" timestamp="2024-07-24T12:14:32 IST" skipped="0">
  <testcase classname="practice.datadriventesting.ReadDataFromTestNGXmlTest" name="sampleTest" time="0.024"/>
  <system-out/>
</testsuite> <!-- practice.datadriventesting.ReadDataFromTestNGXmlTest -->
