<?xml version="1.0" encoding="UTF-8"?>
<!-- Generated by org.testng.reporters.JUnitReportReporter -->
<testsuite hostname="Rohit" failures="0" tests="2" name="practice.hometest.HomepageSampleTest" time="0.027" errors="0" timestamp="2024-08-05T15:19:30 IST" skipped="0">
  <testcase classname="practice.hometest.HomepageSampleTest" name="homePageTest" time="0.022"/>
  <system-out>
    <![CDATA[homePageTest Test Start
step-1
step-2
step-3
step-4
homePageTest Test End]]>
  </system-out>
  <testcase classname="practice.hometest.HomepageSampleTest" name="verifyLogoHomepageTest" time="0.005"/>
  <system-out>
    <![CDATA[verifyLogoHomepageTest Test Start
step-1
step-2
step-3
step-4
verifyLogoHomepageTest Test End]]>
  </system-out>
</testsuite> <!-- practice.hometest.HomepageSampleTest -->
