<?xml version="1.0" encoding="UTF-8"?>
<!-- Generated by org.testng.reporters.JUnitReportReporter -->
<testsuite hostname="Rohit" failures="0" tests="3" name="practice.testng.C" time="0.117" errors="0" timestamp="2024-08-04T18:04:42 IST" skipped="0">
  <testcase classname="practice.testng.C" name="m7" time="0.032"/>
  <system-out/>
  <testcase classname="practice.testng.C" name="m8" time="0.039"/>
  <system-out/>
  <testcase classname="practice.testng.C" name="m9" time="0.046"/>
  <system-out/>
</testsuite> <!-- practice.testng.C -->
