<?xml version="1.0" encoding="UTF-8"?>
<!-- Generated by org.testng.reporters.JUnitReportReporter -->
<testsuite hostname="Rohit" failures="0" tests="3" name="practice.testng.CreateContact_DP_Test2" time="0.055" errors="0" timestamp="2024-08-03T10:36:26 IST" skipped="0">
  <testcase classname="practice.testng.CreateContact_DP_Test2" name="createContact" time="0.010"/>
  <system-out/>
  <testcase classname="practice.testng.CreateContact_DP_Test2" name="createContact" time="0.006"/>
  <system-out/>
  <testcase classname="practice.testng.CreateContact_DP_Test2" name="createContact" time="0.039"/>
  <system-out/>
</testsuite> <!-- practice.testng.CreateContact_DP_Test2 -->
