<?xml version="1.0" encoding="UTF-8"?>
<!-- Generated by org.testng.reporters.JUnitReportReporter -->
<testsuite hostname="Rohit" failures="0" tests="2" name="practice.basics.SampleTest" time="0.031" errors="0" timestamp="2024-08-01T15:32:01 IST" skipped="0">
  <testcase classname="practice.basics.SampleTest" name="createContactTest" time="0.025"/>
  <system-out/>
  <testcase classname="practice.basics.SampleTest" name="createContactWithMobNoTest" time="0.006"/>
  <system-out/>
</testsuite> <!-- practice.basics.SampleTest -->
