<?xml version="1.0" encoding="UTF-8"?>
<!-- Generated by org.testng.reporters.JUnitReportReporter -->
<testsuite hostname="Rohit" failures="0" tests="1" name="practice.datadriventesting.CreateOrgTest" time="35.810" errors="0" timestamp="2024-07-24T23:04:35 IST" skipped="0">
  <testcase classname="practice.datadriventesting.CreateOrgTest" name="creatOrgTest" time="35.810"/>
  <system-out/>
</testsuite> <!-- practice.datadriventesting.CreateOrgTest -->
