<?xml version="1.0" encoding="UTF-8"?>
<!-- Generated by org.testng.reporters.JUnitReportReporter -->
<testsuite hostname="Rohit" failures="0" tests="3" name="practice.testng.B" time="0.034" errors="0" timestamp="2024-08-04T18:04:41 IST" skipped="0">
  <testcase classname="practice.testng.B" name="m6" time="0.015"/>
  <system-out/>
  <testcase classname="practice.testng.B" name="m5" time="0.012"/>
  <system-out/>
  <testcase classname="practice.testng.B" name="m4" time="0.007"/>
  <system-out/>
</testsuite> <!-- practice.testng.B -->
