<?xml version="1.0" encoding="UTF-8"?>
<!-- Generated by org.testng.reporters.JUnitReportReporter -->
<testsuite hostname="Rohit" failures="0" tests="3" name="practice.testng.A" time="0.080" errors="0" timestamp="2024-08-12T22:52:17 IST" skipped="0">
  <testcase classname="practice.testng.A" name="m3" time="0.015"/>
  <system-out/>
  <testcase classname="practice.testng.A" name="m2" time="0.029"/>
  <system-out/>
  <testcase classname="practice.testng.A" name="m1" time="0.036"/>
  <system-out/>
</testsuite> <!-- practice.testng.A -->
