<?xml version="1.0" encoding="UTF-8"?>
<!-- Generated by org.testng.reporters.JUnitReportReporter -->
<testsuite hostname="Rohit" failures="0" tests="2" name="practice.testng.OrderTest" time="0.029" errors="0" timestamp="2024-08-01T18:20:49 IST" skipped="0">
  <testcase classname="practice.testng.OrderTest" name="billingAndOrderTest" time="0.026"/>
  <system-out/>
  <testcase classname="practice.testng.OrderTest" name="createOrderTest" time="0.003"/>
  <system-out/>
</testsuite> <!-- practice.testng.OrderTest -->
