<?xml version="1.0" encoding="UTF-8"?>
<!-- Generated by org.testng.reporters.JUnitReportReporter -->
<testsuite hostname="Rohit" failures="0" tests="2" name="com.pac1.CreateContactTest" time="0.048" errors="0" timestamp="2024-08-02T15:05:15 IST" skipped="0">
  <testcase classname="com.pac1.CreateContactTest" name="createContact" time="0.034"/>
  <system-out/>
  <testcase classname="com.pac1.CreateContactTest" name="createContactWithDate" time="0.014"/>
  <system-out/>
</testsuite> <!-- com.pac1.CreateContactTest -->
