<?xml version="1.0" encoding="UTF-8"?>
<!-- Generated by org.testng.reporters.JUnitReportReporter -->
<testsuite hostname="Rohit" failures="0" tests="1" name="practice.testng.SampleTestForScreenshot" time="24.480" errors="0" timestamp="2024-08-05T16:41:28 IST" skipped="0">
  <testcase classname="practice.testng.SampleTestForScreenshot" name="amazonTest" time="24.480"/>
  <system-out/>
</testsuite> <!-- practice.testng.SampleTestForScreenshot -->
