<?xml version="1.0" encoding="UTF-8"?>
<!-- Generated by org.testng.reporters.JUnitReportReporter -->
<testsuite hostname="Rohit" failures="0" tests="1" name="practice.datadriventesting.ReadRuntimeMavenParameterTest" time="0.087" errors="0" timestamp="2024-07-23T18:10:37 IST" skipped="0">
  <testcase classname="practice.datadriventesting.ReadRuntimeMavenParameterTest" name="runtimeParameterTest" time="0.087"/>
  <system-out/>
</testsuite> <!-- practice.datadriventesting.ReadRuntimeMavenParameterTest -->
