<?xml version="1.0" encoding="UTF-8"?>
<!-- Generated by org.testng.reporters.JUnitReportReporter -->
<testsuite hostname="Rohit" failures="0" tests="2" name="com.crm.comcast.orgtest.CreateOrgTest" time="0.073" errors="0" timestamp="2024-08-02T16:13:39 IST" skipped="0">
  <testcase classname="com.crm.comcast.orgtest.CreateOrgTest" name="createOrgWithIndustry" time="0.044"/>
  <system-out/>
  <testcase classname="com.crm.comcast.orgtest.CreateOrgTest" name="createOrg" time="0.029"/>
  <system-out/>
</testsuite> <!-- com.crm.comcast.orgtest.CreateOrgTest -->
