<?xml version="1.0" encoding="UTF-8"?>
<!-- Generated by org.testng.reporters.JUnitReportReporter -->
<testsuite hostname="Rohit" failures="0" tests="3" name="practice.extentreports.SampleReportTest" time="22.010" errors="0" timestamp="2024-08-08T13:07:57 IST" skipped="0">
  <testcase classname="practice.extentreports.SampleReportTest" name="createContactWithPhoneNoTest" time="0.013"/>
  <system-out/>
  <testcase classname="practice.extentreports.SampleReportTest" name="createContactTest" time="21.994"/>
  <system-out/>
  <testcase classname="practice.extentreports.SampleReportTest" name="createContactWithOrgTest" time="0.003"/>
  <system-out/>
</testsuite> <!-- practice.extentreports.SampleReportTest -->
