<?xml version="1.0" encoding="UTF-8"?>
<!-- Generated by org.testng.reporters.JUnitReportReporter -->
<testsuite hostname="Rohit" failures="0" tests="3" name="practice.testng.ContactTest" time="0.045" errors="0" timestamp="2024-08-03T12:54:25 IST" skipped="0">
  <testcase classname="practice.testng.ContactTest" name="createContactWithOrgTest" time="0.015"/>
  <system-out/>
  <testcase classname="practice.testng.ContactTest" name="createContactWithSupportDateTest" time="0.004"/>
  <system-out/>
  <testcase classname="practice.testng.ContactTest" name="createContactTest" time="0.026"/>
  <system-out/>
</testsuite> <!-- practice.testng.ContactTest -->
