<?xml version="1.0" encoding="UTF-8"?>
<!-- Generated by org.testng.reporters.JUnitReportReporter -->
<testsuite hostname="Rohit" failures="0" tests="3" name="practice.testng.CreateContact_DP_Test" time="0.049" errors="0" timestamp="2024-08-02T10:46:49 IST" skipped="0">
  <testcase classname="practice.testng.CreateContact_DP_Test" name="createContact" time="0.008"/>
  <system-out/>
  <testcase classname="practice.testng.CreateContact_DP_Test" name="createContact" time="0.026"/>
  <system-out/>
  <testcase classname="practice.testng.CreateContact_DP_Test" name="createContact" time="0.015"/>
  <system-out/>
</testsuite> <!-- practice.testng.CreateContact_DP_Test -->
