<?xml version="1.0" encoding="UTF-8"?>
<!-- Generated by org.testng.reporters.JUnitReportReporter -->
<testsuite hostname="Rohit" failures="0" tests="1" name="practice.basics.DemoWebShopApplicationScenario" time="27.033" errors="0" timestamp="2024-08-09T18:26:27 IST" skipped="0">
  <testcase classname="practice.basics.DemoWebShopApplicationScenario" name="workWithDemoWebShopApplication" time="27.033"/>
  <system-out/>
</testsuite> <!-- practice.basics.DemoWebShopApplicationScenario -->
